<?xml version="1.0" encoding="UTF-8"?>
<!-- Generated by org.testng.reporters.JUnitReportReporter -->
<testsuite skipped="0" hostname="ZpeedX" name="RunTests" tests="22" failures="0" timestamp="08 mar 2018 02:58:22 GMT" time="117.480" errors="0">
  <testcase name="testLogout" time="0.555" classname="RunTests"/>
  <testcase name="testApplyPage" time="24.339" classname="RunTests"/>
  <testcase name="testApplicationsPage" time="4.750" classname="RunTests"/>
  <testcase name="testRegister" time="13.409" classname="RunTests"/>
  <testcase name="testParticipantLogout" time="1.472" classname="RunTests"/>
  <testcase name="testRecruiterLinks" time="0.934" classname="RunTests"/>
  <testcase name="testRecruiterLinks" time="1.339" classname="RunTests"/>
  <testcase name="testRegisterLink" time="0.333" classname="RunTests"/>
  <testcase name="testParticipantLinks" time="1.781" classname="RunTests"/>
  <testcase name="testLogin" time="1.839" classname="RunTests"/>
  <testcase name="testRecruiterLogin" time="0.837" classname="RunTests"/>
  <testcase name="testLogin" time="1.352" classname="RunTests"/>
  <testcase name="testParticipantLinks" time="1.314" classname="RunTests"/>
  <testcase name="testAppOverviewPage" time="12.909" classname="RunTests"/>
  <testcase name="testApplicationsPage" time="6.126" classname="RunTests"/>
  <testcase name="testAppOverviewPage" time="12.732" classname="RunTests"/>
  <testcase name="testLogout" time="0.319" classname="RunTests"/>
  <testcase name="testRegisterLink" time="0.410" classname="RunTests"/>
  <testcase name="testRegister" time="12.119" classname="RunTests"/>
  <testcase name="testRecruiterLogin" time="0.857" classname="RunTests"/>
  <testcase name="testApplyPage" time="15.941" classname="RunTests"/>
  <testcase name="testParticipantLogout" time="1.813" classname="RunTests"/>
</testsuite> <!-- RunTests -->
